
/home/runner/work/exp-decryption-aes-au/exp-decryption-aes-au/experiment/simulation/static/js/787.cbeac434.chunk.js
  1:691   warning  Empty block statement  no-empty
  1:4425  warning  Empty block statement  no-empty

/home/runner/work/exp-decryption-aes-au/exp-decryption-aes-au/experiment/simulation/static/js/main.227c2303.js
  2:671     warning  Unexpected combined character in character class                           no-misleading-character-class
  2:2560    warning  Unnecessary escape character: \-                                           no-useless-escape
  2:2642    warning  Do not access Object.prototype method 'hasOwnProperty' from target object  no-prototype-builtins
  2:7180    warning  Expected a conditional expression and instead saw an assignment            no-cond-assign
  2:8170    warning  Empty block statement                                                      no-empty
  2:9375    warning  Do not access Object.prototype method 'hasOwnProperty' from target object  no-prototype-builtins
  2:10835   warning  Do not access Object.prototype method 'hasOwnProperty' from target object  no-prototype-builtins
  2:10876   warning  Do not access Object.prototype method 'hasOwnProperty' from target object  no-prototype-builtins
  2:11041   warning  Do not access Object.prototype method 'hasOwnProperty' from target object  no-prototype-builtins
  2:11068   warning  Do not access Object.prototype method 'hasOwnProperty' from target object  no-prototype-builtins
  2:11656   warning  Do not access Object.prototype method 'hasOwnProperty' from target object  no-prototype-builtins
  2:13290   warning  'MSApp' is not defined                                                     no-undef
  2:13333   warning  'n' is defined but never used                                              no-unused-vars
  2:13335   warning  'r' is defined but never used                                              no-unused-vars
  2:13338   warning  'MSApp' is not defined                                                     no-undef
  2:14303   warning  Do not access Object.prototype method 'hasOwnProperty' from target object  no-prototype-builtins
  2:14396   warning  Do not access Object.prototype method 'hasOwnProperty' from target object  no-prototype-builtins
  2:15603   warning  Expected a conditional expression and instead saw an assignment            no-cond-assign
  2:16625   warning  Expected to return a value in method 'get'                                 getter-return
  2:16762   warning  'r' is defined but never used                                              no-unused-vars
  2:16764   warning  'a' is defined but never used                                              no-unused-vars
  2:16766   warning  'i' is defined but never used                                              no-unused-vars
  2:16768   warning  'o' is defined but never used                                              no-unused-vars
  2:16770   warning  's' is defined but never used                                              no-unused-vars
  2:16772   warning  'l' is defined but never used                                              no-unused-vars
  2:16945   warning  'e' is defined but never used                                              no-unused-vars
  2:16947   warning  't' is defined but never used                                              no-unused-vars
  2:16949   warning  'n' is defined but never used                                              no-unused-vars
  2:16951   warning  'r' is defined but never used                                              no-unused-vars
  2:16953   warning  'a' is defined but never used                                              no-unused-vars
  2:16955   warning  'i' is defined but never used                                              no-unused-vars
  2:16957   warning  'o' is defined but never used                                              no-unused-vars
  2:16959   warning  's' is defined but never used                                              no-unused-vars
  2:16961   warning  'l' is defined but never used                                              no-unused-vars
  2:25840   warning  Do not access Object.prototype method 'hasOwnProperty' from target object  no-prototype-builtins
  2:26160   warning  Invalid typeof comparison value                                            valid-typeof
  2:26334   warning  Invalid typeof comparison value                                            valid-typeof
  2:33138   warning  Expected a conditional expression and instead saw an assignment            no-cond-assign
  2:34356   warning  Do not access Object.prototype method 'hasOwnProperty' from target object  no-prototype-builtins
  2:36856   warning  'e' is defined but never used                                              no-unused-vars
  2:36858   warning  't' is defined but never used                                              no-unused-vars
  2:36860   warning  'n' is defined but never used                                              no-unused-vars
  2:36862   warning  'r' is defined but never used                                              no-unused-vars
  2:36864   warning  'a' is defined but never used                                              no-unused-vars
  2:36866   warning  'o' is defined but never used                                              no-unused-vars
  2:36868   warning  's' is defined but never used                                              no-unused-vars
  2:36870   warning  'l' is defined but never used                                              no-unused-vars
  2:36872   warning  'u' is defined but never used                                              no-unused-vars
  2:38813   warning  Expected a 'break' statement before 'case'                                 no-fallthrough
  2:39000   warning  Expected a 'break' statement before 'case'                                 no-fallthrough
  2:40111   warning  Expected a conditional expression and instead saw an assignment            no-cond-assign
  2:40185   warning  Expected a conditional expression and instead saw an assignment            no-cond-assign
  2:41538   warning  Expected a 'break' statement before 'case'                                 no-fallthrough
  2:43510   warning  Unexpected control character(s) in regular expression: \x00                no-control-regex
  2:45116   warning  Expected a conditional expression and instead saw an assignment            no-cond-assign
  2:45216   warning  Expected a conditional expression and instead saw an assignment            no-cond-assign
  2:52615   warning  Expected a 'break' statement before 'case'                                 no-fallthrough
  2:54582   warning  Expected a conditional expression and instead saw an assignment            no-cond-assign
  2:56033   warning  Expected a conditional expression and instead saw an assignment            no-cond-assign
  2:61865   warning  Expected a conditional expression and instead saw an assignment            no-cond-assign
  2:68476   warning  Empty block statement                                                      no-empty
  2:75663   warning  Expected a conditional expression and instead saw an assignment            no-cond-assign
  2:76793   warning  Expected a conditional expression and instead saw an assignment            no-cond-assign
  2:79550   warning  Expected a conditional expression and instead saw an assignment            no-cond-assign
  2:85165   warning  Do not access Object.prototype method 'hasOwnProperty' from target object  no-prototype-builtins
  2:85445   warning  Do not access Object.prototype method 'hasOwnProperty' from target object  no-prototype-builtins
  2:85890   warning  Unnecessary escape character: \/                                           no-useless-escape
  2:86758   warning  Do not access Object.prototype method 'hasOwnProperty' from target object  no-prototype-builtins
  2:87066   warning  Do not access Object.prototype method 'hasOwnProperty' from target object  no-prototype-builtins
  2:92059   warning  Do not access Object.prototype method 'hasOwnProperty' from target object  no-prototype-builtins
  2:92080   warning  Do not access Object.prototype method 'hasOwnProperty' from target object  no-prototype-builtins
  2:92150   warning  Do not access Object.prototype method 'hasOwnProperty' from target object  no-prototype-builtins
  2:92330   warning  Do not access Object.prototype method 'hasOwnProperty' from target object  no-prototype-builtins
  2:92432   warning  Do not access Object.prototype method 'hasOwnProperty' from target object  no-prototype-builtins
  2:92512   warning  Do not access Object.prototype method 'hasOwnProperty' from target object  no-prototype-builtins
  2:92536   warning  Do not access Object.prototype method 'hasOwnProperty' from target object  no-prototype-builtins
  2:92588   warning  Do not access Object.prototype method 'hasOwnProperty' from target object  no-prototype-builtins
  2:92943   warning  Do not access Object.prototype method 'hasOwnProperty' from target object  no-prototype-builtins
  2:95350   warning  Empty block statement                                                      no-empty
  2:95385   warning  Expected a 'break' statement before 'case'                                 no-fallthrough
  2:99457   warning  Do not access Object.prototype method 'hasOwnProperty' from target object  no-prototype-builtins
  2:99984   warning  Expected a 'break' statement before 'case'                                 no-fallthrough
  2:112490  warning  Empty block statement                                                      no-empty
  2:114192  warning  Empty block statement                                                      no-empty
  2:124671  warning  Expected a conditional expression and instead saw an assignment            no-cond-assign
  2:126416  warning  'Ne' is a function                                                         no-func-assign
  2:126422  warning  'Te' is a function                                                         no-func-assign
  2:127369  warning  '__REACT_DEVTOOLS_GLOBAL_HOOK__' is not defined                            no-undef
  2:127472  warning  Empty block statement                                                      no-empty
  2:129825  warning  '__REACT_DEVTOOLS_GLOBAL_HOOK__' is not defined                            no-undef
  2:129869  warning  '__REACT_DEVTOOLS_GLOBAL_HOOK__' is not defined                            no-undef
  2:130347  warning  Do not access Object.prototype method 'hasOwnProperty' from target object  no-prototype-builtins
  2:131992  warning  Do not access Object.prototype method 'hasOwnProperty' from target object  no-prototype-builtins
  2:135020  warning  Do not access Object.prototype method 'hasOwnProperty' from target object  no-prototype-builtins
  2:137964  warning  'setImmediate' is not defined                                              no-undef
  2:141872  warning  'e' is defined but never used                                              no-unused-vars
  2:141995  warning  'o' is defined but never used                                              no-unused-vars
  2:144730  warning  Unsafe usage of ReturnStatement                                            no-unsafe-finally
  2:144750  warning  Unsafe usage of ThrowStatement                                             no-unsafe-finally
  2:145270  warning  'p' is a function                                                          no-func-assign
  2:146104  warning  'y' is a function                                                          no-func-assign
  2:146503  warning  'x' is a function                                                          no-func-assign
  2:147356  warning  'e' is defined but never used                                              no-unused-vars
  2:147358  warning  't' is defined but never used                                              no-unused-vars
  2:147360  warning  'n' is defined but never used                                              no-unused-vars
  2:147370  warning  'j' is a function                                                          no-func-assign
  2:147604  warning  'S' is a function                                                          no-func-assign
  2:148126  warning  'E' is a function                                                          no-func-assign
  2:148603  warning  Empty block statement                                                      no-empty
  2:152860  warning  Unsafe usage of ThrowStatement                                             no-unsafe-finally
  2:157392  warning  're' is assigned a value but never used                                    no-unused-vars
  2:157812  warning  'se' is a function                                                         no-func-assign
  2:158084  warning  'ce' is assigned a value but never used                                    no-unused-vars
  2:163481  warning  'e' is defined but never used                                              no-unused-vars
  2:163537  warning  'e' is defined but never used                                              no-unused-vars
  2:163593  warning  'e' is defined but never used                                              no-unused-vars
  2:163611  warning  'e' is defined but never used                                              no-unused-vars
  2:163756  warning  'e' is defined but never used                                              no-unused-vars
  2:164675  warning  'De' is assigned a value but never used                                    no-unused-vars
  2:165503  warning  'Ve' is a function                                                         no-func-assign
  2:167813  warning  Empty block statement                                                      no-empty
  2:179535  warning  Unnecessary escape character: \.                                           no-useless-escape
  2:179557  warning  Unnecessary escape character: \.                                           no-useless-escape
  2:179568  warning  Unnecessary escape character: \,                                           no-useless-escape
  2:179570  warning  Unnecessary escape character: \/                                           no-useless-escape
  2:179580  warning  Unnecessary escape character: \.                                           no-useless-escape
  2:179633  warning  Unnecessary escape character: \.                                           no-useless-escape
  2:179655  warning  Unnecessary escape character: \.                                           no-useless-escape
  2:179666  warning  Unnecessary escape character: \,                                           no-useless-escape
  2:179668  warning  Unnecessary escape character: \/                                           no-useless-escape
  2:179678  warning  Unnecessary escape character: \.                                           no-useless-escape
  2:183176  warning  'require' is not defined                                                   no-undef
  2:183286  warning  Empty block statement                                                      no-empty
  2:188001  warning  Expected a conditional expression and instead saw an assignment            no-cond-assign
  2:200785  warning  Do not access Object.prototype method 'hasOwnProperty' from target object  no-prototype-builtins
  2:201370  warning  Expected a conditional expression and instead saw an assignment            no-cond-assign
  2:216795  warning  Unnecessary escape character: \-                                           no-useless-escape
  2:221392  warning  Do not access Object.prototype method 'hasOwnProperty' from target object  no-prototype-builtins
  2:224835  warning  Do not access Object.prototype method 'hasOwnProperty' from target object  no-prototype-builtins
  2:257959  warning  Redundant double negation                                                  no-extra-boolean-cast
  2:259022  warning  Redundant Boolean call                                                     no-extra-boolean-cast
  2:272875  warning  Unexpected comma in middle of array                                        no-sparse-arrays
  2:278078  warning  'e' is defined but never used                                              no-unused-vars
  2:278080  warning  't' is defined but never used                                              no-unused-vars
  2:287070  warning  'bl' is a function                                                         no-func-assign

✖ 147 problems (0 errors, 147 warnings)
  0 errors and 2 warnings potentially fixable with the `--fix` option.

